{
  message: '🔥__Database Connected',
  level: 'info',
  label: 'UM',
  timestamp: '2023-09-19T11:07:11.912Z'
}
{
  message: 'APPLICATION RUNNING ON PORT 3001',
  level: 'info',
  label: 'UM',
  timestamp: '2023-09-19T11:07:11.919Z'
}
{
  message: '🔥__Database Connected',
  level: 'info',
  label: 'UM',
  timestamp: '2023-09-19T11:07:34.059Z'
}
{
  message: 'APPLICATION RUNNING ON PORT 3001',
  level: 'info',
  label: 'UM',
  timestamp: '2023-09-19T11:07:34.066Z'
}
{
  message: '🔥__Database Connected',
  level: 'info',
  label: 'UM',
  timestamp: '2023-09-19T11:13:21.577Z'
}
{
  message: 'APPLICATION RUNNING ON PORT 3001',
  level: 'info',
  label: 'UM',
  timestamp: '2023-09-19T11:13:21.584Z'
}
{
  message: '🔥__Database Connected',
  level: 'info',
  label: 'UM',
  timestamp: '2023-09-19T11:13:37.666Z'
}
{
  message: 'APPLICATION RUNNING ON PORT 3001',
  level: 'info',
  label: 'UM',
  timestamp: '2023-09-19T11:13:37.673Z'
}
{
  message: '🔥__Database Connected',
  level: 'info',
  label: 'UM',
  timestamp: '2023-09-19T11:13:51.556Z'
}
{
  message: 'APPLICATION RUNNING ON PORT 3001',
  level: 'info',
  label: 'UM',
  timestamp: '2023-09-19T11:13:51.564Z'
}
{
  message: '🔥__Database Connected',
  level: 'info',
  label: 'UM',
  timestamp: '2023-09-19T11:14:34.746Z'
}
{
  message: 'APPLICATION RUNNING ON PORT 3001',
  level: 'info',
  label: 'UM',
  timestamp: '2023-09-19T11:14:34.754Z'
}
{
  message: '🔥__Database Connected',
  level: 'info',
  label: 'UM',
  timestamp: '2023-09-19T11:15:45.845Z'
}
{
  message: 'APPLICATION RUNNING ON PORT 3001',
  level: 'info',
  label: 'UM',
  timestamp: '2023-09-19T11:15:45.854Z'
}
{
  message: '🔥__Database Connected',
  level: 'info',
  label: 'UM',
  timestamp: '2023-09-19T11:15:52.816Z'
}
{
  message: 'APPLICATION RUNNING ON PORT 3001',
  level: 'info',
  label: 'UM',
  timestamp: '2023-09-19T11:15:52.824Z'
}
{
  message: '🔥__Database Connected',
  level: 'info',
  label: 'UM',
  timestamp: '2023-09-19T11:19:02.235Z'
}
{
  message: 'APPLICATION RUNNING ON PORT 3001',
  level: 'info',
  label: 'UM',
  timestamp: '2023-09-19T11:19:02.250Z'
}
{
  message: '🔥__Database Connected',
  level: 'info',
  label: 'UM',
  timestamp: '2023-09-19T11:19:05.325Z'
}
{
  message: 'APPLICATION RUNNING ON PORT 3001',
  level: 'info',
  label: 'UM',
  timestamp: '2023-09-19T11:19:05.332Z'
}
{
  message: '🔥__Database Connected',
  level: 'info',
  label: 'UM',
  timestamp: '2023-09-19T11:19:09.089Z'
}
{
  message: 'APPLICATION RUNNING ON PORT 3001',
  level: 'info',
  label: 'UM',
  timestamp: '2023-09-19T11:19:09.096Z'
}
{
  message: '🔥__Database Connected',
  level: 'info',
  label: 'UM',
  timestamp: '2023-09-19T11:26:06.747Z'
}
{
  message: 'APPLICATION RUNNING ON PORT 3001',
  level: 'info',
  label: 'UM',
  timestamp: '2023-09-19T11:26:06.755Z'
}
{
  message: '🔥__Database Connected',
  level: 'info',
  label: 'UM',
  timestamp: '2023-09-19T11:28:04.552Z'
}
{
  message: 'APPLICATION RUNNING ON PORT 3001',
  level: 'info',
  label: 'UM',
  timestamp: '2023-09-19T11:28:04.566Z'
}
{
  message: '🔥__Database Connected',
  level: 'info',
  label: 'UM',
  timestamp: '2023-09-19T11:28:12.780Z'
}
{
  message: 'APPLICATION RUNNING ON PORT 3001',
  level: 'info',
  label: 'UM',
  timestamp: '2023-09-19T11:28:12.787Z'
}
{
  message: '🔥__Database Connected',
  level: 'info',
  label: 'UM',
  timestamp: '2023-09-19T11:32:06.665Z'
}
{
  message: 'APPLICATION RUNNING ON PORT 3001',
  level: 'info',
  label: 'UM',
  timestamp: '2023-09-19T11:32:06.674Z'
}
