{
  message: '🔥__Database Connected',
  level: 'info',
  label: 'UM',
  timestamp: '2023-09-20T09:07:45.935Z'
}
{
  message: 'APPLICATION RUNNING ON PORT 3001',
  level: 'info',
  label: 'UM',
  timestamp: '2023-09-20T09:07:45.943Z'
}
{
  message: '🔥__Database Connected',
  level: 'info',
  label: 'UM',
  timestamp: '2023-09-20T09:07:58.560Z'
}
{
  message: 'APPLICATION RUNNING ON PORT 3001',
  level: 'info',
  label: 'UM',
  timestamp: '2023-09-20T09:07:58.568Z'
}
{
  message: '🔥__Database Connected',
  level: 'info',
  label: 'UM',
  timestamp: '2023-09-20T09:08:11.167Z'
}
{
  message: 'APPLICATION RUNNING ON PORT 3001',
  level: 'info',
  label: 'UM',
  timestamp: '2023-09-20T09:08:11.180Z'
}
{
  message: '🔥__Database Connected',
  level: 'info',
  label: 'UM',
  timestamp: '2023-09-20T09:08:24.652Z'
}
{
  message: 'APPLICATION RUNNING ON PORT 3001',
  level: 'info',
  label: 'UM',
  timestamp: '2023-09-20T09:08:24.659Z'
}
{
  message: '🔥__Database Connected',
  level: 'info',
  label: 'UM',
  timestamp: '2023-09-20T09:08:30.467Z'
}
{
  message: 'APPLICATION RUNNING ON PORT 3001',
  level: 'info',
  label: 'UM',
  timestamp: '2023-09-20T09:08:30.474Z'
}
