{
  message: '🔥__Database Connected',
  level: 'info',
  label: 'UM',
  timestamp: '2023-06-26T08:07:34.401Z'
}
{
  message: 'APPLICATION RUNNING ON PORT 5000',
  level: 'info',
  label: 'UM',
  timestamp: '2023-06-26T08:07:34.409Z'
}
{
  message: '🔥__Database Connected',
  level: 'info',
  label: 'UM',
  timestamp: '2023-06-26T08:25:02.123Z'
}
{
  message: 'APPLICATION RUNNING ON PORT 5000',
  level: 'info',
  label: 'UM',
  timestamp: '2023-06-26T08:25:02.131Z'
}
{
  message: '🔥__Database Connected',
  level: 'info',
  label: 'UM',
  timestamp: '2023-06-26T08:25:04.819Z'
}
{
  message: 'APPLICATION RUNNING ON PORT 5000',
  level: 'info',
  label: 'UM',
  timestamp: '2023-06-26T08:25:04.827Z'
}
{
  message: '🔥__Database Connected',
  level: 'info',
  label: 'UM',
  timestamp: '2023-06-26T08:25:14.149Z'
}
{
  message: 'APPLICATION RUNNING ON PORT 5000',
  level: 'info',
  label: 'UM',
  timestamp: '2023-06-26T08:25:14.157Z'
}
{
  message: '🔥__Database Connected',
  level: 'info',
  label: 'UM',
  timestamp: '2023-06-26T08:25:16.851Z'
}
{
  message: 'APPLICATION RUNNING ON PORT 5000',
  level: 'info',
  label: 'UM',
  timestamp: '2023-06-26T08:25:16.864Z'
}
{
  message: '🔥__Database Connected',
  level: 'info',
  label: 'UM',
  timestamp: '2023-06-26T08:25:20.923Z'
}
{
  message: 'APPLICATION RUNNING ON PORT 5000',
  level: 'info',
  label: 'UM',
  timestamp: '2023-06-26T08:25:20.930Z'
}
{
  message: '🔥__Database Connected',
  level: 'info',
  label: 'UM',
  timestamp: '2023-06-26T08:25:28.668Z'
}
{
  message: 'APPLICATION RUNNING ON PORT 5000',
  level: 'info',
  label: 'UM',
  timestamp: '2023-06-26T08:25:28.675Z'
}
{
  message: '🔥__Database Connected',
  level: 'info',
  label: 'UM',
  timestamp: '2023-06-26T08:25:36.326Z'
}
{
  message: 'APPLICATION RUNNING ON PORT 5000',
  level: 'info',
  label: 'UM',
  timestamp: '2023-06-26T08:25:36.343Z'
}
{
  message: '🔥__Database Connected',
  level: 'info',
  label: 'UM',
  timestamp: '2023-06-26T08:25:44.898Z'
}
{
  message: 'APPLICATION RUNNING ON PORT 5000',
  level: 'info',
  label: 'UM',
  timestamp: '2023-06-26T08:25:44.914Z'
}
{
  message: '🔥__Database Connected',
  level: 'info',
  label: 'UM',
  timestamp: '2023-06-26T08:25:47.948Z'
}
{
  message: 'APPLICATION RUNNING ON PORT 5000',
  level: 'info',
  label: 'UM',
  timestamp: '2023-06-26T08:25:47.955Z'
}
{
  message: '🔥__Database Connected',
  level: 'info',
  label: 'UM',
  timestamp: '2023-06-26T08:25:53.045Z'
}
{
  message: 'APPLICATION RUNNING ON PORT 5000',
  level: 'info',
  label: 'UM',
  timestamp: '2023-06-26T08:25:53.054Z'
}
{
  message: '🔥__Database Connected',
  level: 'info',
  label: 'UM',
  timestamp: '2023-06-26T08:25:56.526Z'
}
{
  message: 'APPLICATION RUNNING ON PORT 5000',
  level: 'info',
  label: 'UM',
  timestamp: '2023-06-26T08:25:56.533Z'
}
{
  message: '🔥__Database Connected',
  level: 'info',
  label: 'UM',
  timestamp: '2023-06-26T08:26:00.012Z'
}
{
  message: 'APPLICATION RUNNING ON PORT 5000',
  level: 'info',
  label: 'UM',
  timestamp: '2023-06-26T08:26:00.019Z'
}
{
  message: '🔥__Database Connected',
  level: 'info',
  label: 'UM',
  timestamp: '2023-06-26T08:26:15.429Z'
}
{
  message: 'APPLICATION RUNNING ON PORT 5000',
  level: 'info',
  label: 'UM',
  timestamp: '2023-06-26T08:26:15.437Z'
}
{
  message: '🔥__Database Connected',
  level: 'info',
  label: 'UM',
  timestamp: '2023-06-26T08:26:21.309Z'
}
{
  message: 'APPLICATION RUNNING ON PORT 5000',
  level: 'info',
  label: 'UM',
  timestamp: '2023-06-26T08:26:21.318Z'
}
{
  message: '🔥__Database Connected',
  level: 'info',
  label: 'UM',
  timestamp: '2023-06-26T08:26:31.234Z'
}
{
  message: 'APPLICATION RUNNING ON PORT 5000',
  level: 'info',
  label: 'UM',
  timestamp: '2023-06-26T08:26:31.241Z'
}
{
  message: '🔥__Database Connected',
  level: 'info',
  label: 'UM',
  timestamp: '2023-06-26T08:26:42.092Z'
}
{
  message: 'APPLICATION RUNNING ON PORT 5000',
  level: 'info',
  label: 'UM',
  timestamp: '2023-06-26T08:26:42.099Z'
}
{
  message: '🔥__Database Connected',
  level: 'info',
  label: 'UM',
  timestamp: '2023-06-26T08:26:51.064Z'
}
{
  message: 'APPLICATION RUNNING ON PORT 5000',
  level: 'info',
  label: 'UM',
  timestamp: '2023-06-26T08:26:51.072Z'
}
{
  message: '🔥__Database Connected',
  level: 'info',
  label: 'UM',
  timestamp: '2023-06-26T08:26:58.215Z'
}
{
  message: 'APPLICATION RUNNING ON PORT 5000',
  level: 'info',
  label: 'UM',
  timestamp: '2023-06-26T08:26:58.222Z'
}
{
  message: '🔥__Database Connected',
  level: 'info',
  label: 'UM',
  timestamp: '2023-06-26T08:27:04.204Z'
}
{
  message: 'APPLICATION RUNNING ON PORT 5000',
  level: 'info',
  label: 'UM',
  timestamp: '2023-06-26T08:27:04.212Z'
}
{
  message: '🔥__Database Connected',
  level: 'info',
  label: 'UM',
  timestamp: '2023-06-26T08:27:08.374Z'
}
{
  message: 'APPLICATION RUNNING ON PORT 5000',
  level: 'info',
  label: 'UM',
  timestamp: '2023-06-26T08:27:08.383Z'
}
{
  message: '🔥__Database Connected',
  level: 'info',
  label: 'UM',
  timestamp: '2023-06-26T08:27:10.341Z'
}
{
  message: 'APPLICATION RUNNING ON PORT 5000',
  level: 'info',
  label: 'UM',
  timestamp: '2023-06-26T08:27:10.348Z'
}
{
  message: '🔥__Database Connected',
  level: 'info',
  label: 'UM',
  timestamp: '2023-06-26T08:27:13.331Z'
}
{
  message: 'APPLICATION RUNNING ON PORT 5000',
  level: 'info',
  label: 'UM',
  timestamp: '2023-06-26T08:27:13.338Z'
}
{
  message: '🔥__Database Connected',
  level: 'info',
  label: 'UM',
  timestamp: '2023-06-26T08:27:28.691Z'
}
{
  message: 'APPLICATION RUNNING ON PORT 5000',
  level: 'info',
  label: 'UM',
  timestamp: '2023-06-26T08:27:28.698Z'
}
{
  message: '🔥__Database Connected',
  level: 'info',
  label: 'UM',
  timestamp: '2023-06-26T08:27:44.352Z'
}
{
  message: 'APPLICATION RUNNING ON PORT 5000',
  level: 'info',
  label: 'UM',
  timestamp: '2023-06-26T08:27:44.359Z'
}
{
  message: '🔥__Database Connected',
  level: 'info',
  label: 'UM',
  timestamp: '2023-06-26T08:27:50.136Z'
}
{
  message: 'APPLICATION RUNNING ON PORT 5000',
  level: 'info',
  label: 'UM',
  timestamp: '2023-06-26T08:27:50.155Z'
}
{
  message: '🔥__Database Connected',
  level: 'info',
  label: 'UM',
  timestamp: '2023-06-26T08:28:00.761Z'
}
{
  message: 'APPLICATION RUNNING ON PORT 5000',
  level: 'info',
  label: 'UM',
  timestamp: '2023-06-26T08:28:00.769Z'
}
{
  message: '🔥__Database Connected',
  level: 'info',
  label: 'UM',
  timestamp: '2023-06-26T08:28:04.994Z'
}
{
  message: 'APPLICATION RUNNING ON PORT 5000',
  level: 'info',
  label: 'UM',
  timestamp: '2023-06-26T08:28:05.003Z'
}
{
  message: '🔥__Database Connected',
  level: 'info',
  label: 'UM',
  timestamp: '2023-06-26T08:28:19.986Z'
}
{
  message: 'APPLICATION RUNNING ON PORT 5000',
  level: 'info',
  label: 'UM',
  timestamp: '2023-06-26T08:28:19.995Z'
}
{
  message: '🔥__Database Connected',
  level: 'info',
  label: 'UM',
  timestamp: '2023-06-26T08:28:21.787Z'
}
{
  message: 'APPLICATION RUNNING ON PORT 5000',
  level: 'info',
  label: 'UM',
  timestamp: '2023-06-26T08:28:21.794Z'
}
{
  message: '🔥__Database Connected',
  level: 'info',
  label: 'UM',
  timestamp: '2023-06-26T08:28:33.860Z'
}
{
  message: 'APPLICATION RUNNING ON PORT 5000',
  level: 'info',
  label: 'UM',
  timestamp: '2023-06-26T08:28:33.868Z'
}
{
  message: '🔥__Database Connected',
  level: 'info',
  label: 'UM',
  timestamp: '2023-06-26T08:28:36.260Z'
}
{
  message: 'APPLICATION RUNNING ON PORT 5000',
  level: 'info',
  label: 'UM',
  timestamp: '2023-06-26T08:28:36.278Z'
}
{
  message: '🔥__Database Connected',
  level: 'info',
  label: 'UM',
  timestamp: '2023-06-26T08:28:39.450Z'
}
{
  message: 'APPLICATION RUNNING ON PORT 5000',
  level: 'info',
  label: 'UM',
  timestamp: '2023-06-26T08:28:39.457Z'
}
{
  message: '🔥__Database Connected',
  level: 'info',
  label: 'UM',
  timestamp: '2023-06-26T08:28:58.724Z'
}
{
  message: 'APPLICATION RUNNING ON PORT 5000',
  level: 'info',
  label: 'UM',
  timestamp: '2023-06-26T08:28:58.733Z'
}
{
  message: '🔥__Database Connected',
  level: 'info',
  label: 'UM',
  timestamp: '2023-06-26T08:29:00.607Z'
}
{
  message: 'APPLICATION RUNNING ON PORT 5000',
  level: 'info',
  label: 'UM',
  timestamp: '2023-06-26T08:29:00.615Z'
}
{
  message: '🔥__Database Connected',
  level: 'info',
  label: 'UM',
  timestamp: '2023-06-26T08:29:41.623Z'
}
{
  message: 'APPLICATION RUNNING ON PORT 5000',
  level: 'info',
  label: 'UM',
  timestamp: '2023-06-26T08:29:41.632Z'
}
{
  message: '🔥__Database Connected',
  level: 'info',
  label: 'UM',
  timestamp: '2023-06-26T08:29:53.358Z'
}
{
  message: 'APPLICATION RUNNING ON PORT 5000',
  level: 'info',
  label: 'UM',
  timestamp: '2023-06-26T08:29:53.367Z'
}
{
  message: '🔥__Database Connected',
  level: 'info',
  label: 'UM',
  timestamp: '2023-06-26T08:30:26.687Z'
}
{
  message: 'APPLICATION RUNNING ON PORT 5000',
  level: 'info',
  label: 'UM',
  timestamp: '2023-06-26T08:30:26.694Z'
}
{
  message: '🔥__Database Connected',
  level: 'info',
  label: 'UM',
  timestamp: '2023-06-26T08:30:28.196Z'
}
{
  message: 'APPLICATION RUNNING ON PORT 5000',
  level: 'info',
  label: 'UM',
  timestamp: '2023-06-26T08:30:28.205Z'
}
{
  message: '🔥__Database Connected',
  level: 'info',
  label: 'UM',
  timestamp: '2023-06-26T08:30:35.380Z'
}
{
  message: 'APPLICATION RUNNING ON PORT 5000',
  level: 'info',
  label: 'UM',
  timestamp: '2023-06-26T08:30:35.387Z'
}
{
  message: '🔥__Database Connected',
  level: 'info',
  label: 'UM',
  timestamp: '2023-06-26T08:30:37.171Z'
}
{
  message: 'APPLICATION RUNNING ON PORT 5000',
  level: 'info',
  label: 'UM',
  timestamp: '2023-06-26T08:30:37.179Z'
}
{
  message: '🔥__Database Connected',
  level: 'info',
  label: 'UM',
  timestamp: '2023-06-26T08:30:57.798Z'
}
{
  message: 'APPLICATION RUNNING ON PORT 5000',
  level: 'info',
  label: 'UM',
  timestamp: '2023-06-26T08:30:57.810Z'
}
