{
  message: '🔥__Database Connected',
  level: 'info',
  label: 'UM',
  timestamp: '2023-09-17T10:08:19.456Z'
}
{
  message: 'APPLICATION RUNNING ON PORT 3001',
  level: 'info',
  label: 'UM',
  timestamp: '2023-09-17T10:08:19.477Z'
}
{
  message: '🔥__Database Connected',
  level: 'info',
  label: 'UM',
  timestamp: '2023-09-17T10:17:57.781Z'
}
{
  message: 'APPLICATION RUNNING ON PORT 3001',
  level: 'info',
  label: 'UM',
  timestamp: '2023-09-17T10:17:57.789Z'
}
{
  message: '🔥__Database Connected',
  level: 'info',
  label: 'UM',
  timestamp: '2023-09-17T10:19:32.850Z'
}
{
  message: 'APPLICATION RUNNING ON PORT 3001',
  level: 'info',
  label: 'UM',
  timestamp: '2023-09-17T10:19:32.857Z'
}
{
  message: '🔥__Database Connected',
  level: 'info',
  label: 'UM',
  timestamp: '2023-09-17T10:19:48.429Z'
}
{
  message: 'APPLICATION RUNNING ON PORT 3001',
  level: 'info',
  label: 'UM',
  timestamp: '2023-09-17T10:19:48.436Z'
}
{
  message: '🔥__Database Connected',
  level: 'info',
  label: 'UM',
  timestamp: '2023-09-17T10:20:53.246Z'
}
{
  message: 'APPLICATION RUNNING ON PORT 3001',
  level: 'info',
  label: 'UM',
  timestamp: '2023-09-17T10:20:53.258Z'
}
{
  message: '🔥__Database Connected',
  level: 'info',
  label: 'UM',
  timestamp: '2023-09-17T10:20:56.046Z'
}
{
  message: 'APPLICATION RUNNING ON PORT 3001',
  level: 'info',
  label: 'UM',
  timestamp: '2023-09-17T10:20:56.054Z'
}
{
  message: '🔥__Database Connected',
  level: 'info',
  label: 'UM',
  timestamp: '2023-09-17T10:21:17.730Z'
}
{
  message: 'APPLICATION RUNNING ON PORT 3001',
  level: 'info',
  label: 'UM',
  timestamp: '2023-09-17T10:21:17.738Z'
}
{
  message: '🔥__Database Connected',
  level: 'info',
  label: 'UM',
  timestamp: '2023-09-17T10:21:19.709Z'
}
{
  message: 'APPLICATION RUNNING ON PORT 3001',
  level: 'info',
  label: 'UM',
  timestamp: '2023-09-17T10:21:19.716Z'
}
{
  message: '🔥__Database Connected',
  level: 'info',
  label: 'UM',
  timestamp: '2023-09-17T10:21:31.599Z'
}
{
  message: 'APPLICATION RUNNING ON PORT 3001',
  level: 'info',
  label: 'UM',
  timestamp: '2023-09-17T10:21:31.607Z'
}
{
  message: '🔥__Database Connected',
  level: 'info',
  label: 'UM',
  timestamp: '2023-09-17T10:24:21.424Z'
}
{
  message: 'APPLICATION RUNNING ON PORT 3001',
  level: 'info',
  label: 'UM',
  timestamp: '2023-09-17T10:24:21.431Z'
}
{
  message: '🔥__Database Connected',
  level: 'info',
  label: 'UM',
  timestamp: '2023-09-17T10:25:46.565Z'
}
{
  message: 'APPLICATION RUNNING ON PORT 3001',
  level: 'info',
  label: 'UM',
  timestamp: '2023-09-17T10:25:46.575Z'
}
{
  message: '🔥__Database Connected',
  level: 'info',
  label: 'UM',
  timestamp: '2023-09-17T10:25:49.580Z'
}
{
  message: 'APPLICATION RUNNING ON PORT 3001',
  level: 'info',
  label: 'UM',
  timestamp: '2023-09-17T10:25:49.590Z'
}
{
  message: '🔥__Database Connected',
  level: 'info',
  label: 'UM',
  timestamp: '2023-09-17T10:26:25.111Z'
}
{
  message: 'APPLICATION RUNNING ON PORT 3001',
  level: 'info',
  label: 'UM',
  timestamp: '2023-09-17T10:26:25.119Z'
}
{
  message: '🔥__Database Connected',
  level: 'info',
  label: 'UM',
  timestamp: '2023-09-17T10:42:22.053Z'
}
{
  message: 'APPLICATION RUNNING ON PORT 3001',
  level: 'info',
  label: 'UM',
  timestamp: '2023-09-17T10:42:22.061Z'
}
{
  message: '🔥__Database Connected',
  level: 'info',
  label: 'UM',
  timestamp: '2023-09-17T10:43:20.591Z'
}
{
  message: 'APPLICATION RUNNING ON PORT 3001',
  level: 'info',
  label: 'UM',
  timestamp: '2023-09-17T10:43:20.598Z'
}
{
  message: '🔥__Database Connected',
  level: 'info',
  label: 'UM',
  timestamp: '2023-09-17T10:43:41.176Z'
}
{
  message: 'APPLICATION RUNNING ON PORT 3001',
  level: 'info',
  label: 'UM',
  timestamp: '2023-09-17T10:43:41.185Z'
}
{
  message: '🔥__Database Connected',
  level: 'info',
  label: 'UM',
  timestamp: '2023-09-17T10:43:45.437Z'
}
{
  message: 'APPLICATION RUNNING ON PORT 3001',
  level: 'info',
  label: 'UM',
  timestamp: '2023-09-17T10:43:45.444Z'
}
{
  message: '🔥__Database Connected',
  level: 'info',
  label: 'UM',
  timestamp: '2023-09-17T10:43:53.249Z'
}
{
  message: 'APPLICATION RUNNING ON PORT 3001',
  level: 'info',
  label: 'UM',
  timestamp: '2023-09-17T10:43:53.256Z'
}
{
  message: '🔥__Database Connected',
  level: 'info',
  label: 'UM',
  timestamp: '2023-09-17T10:44:02.399Z'
}
{
  message: 'APPLICATION RUNNING ON PORT 3001',
  level: 'info',
  label: 'UM',
  timestamp: '2023-09-17T10:44:02.406Z'
}
{
  message: '🔥__Database Connected',
  level: 'info',
  label: 'UM',
  timestamp: '2023-09-17T10:44:31.531Z'
}
{
  message: 'APPLICATION RUNNING ON PORT 3001',
  level: 'info',
  label: 'UM',
  timestamp: '2023-09-17T10:44:31.537Z'
}
{
  message: '🔥__Database Connected',
  level: 'info',
  label: 'UM',
  timestamp: '2023-09-17T10:46:32.782Z'
}
{
  message: 'APPLICATION RUNNING ON PORT 3001',
  level: 'info',
  label: 'UM',
  timestamp: '2023-09-17T10:46:32.788Z'
}
