{
  message: '🔥__Database Connected',
  level: 'info',
  label: 'UM',
  timestamp: '2023-09-05T15:30:50.555Z'
}
{
  message: '🔥__Database Connected',
  level: 'info',
  label: 'UM',
  timestamp: '2023-09-05T15:30:59.948Z'
}
{
  message: 'APPLICATION RUNNING ON PORT 5001',
  level: 'info',
  label: 'UM',
  timestamp: '2023-09-05T15:30:59.956Z'
}
{
  message: '🔥__Database Connected',
  level: 'info',
  label: 'UM',
  timestamp: '2023-09-05T15:31:45.569Z'
}
{
  message: 'APPLICATION RUNNING ON PORT 5001',
  level: 'info',
  label: 'UM',
  timestamp: '2023-09-05T15:31:45.577Z'
}
{
  message: '🔥__Database Connected',
  level: 'info',
  label: 'UM',
  timestamp: '2023-09-05T15:31:54.816Z'
}
{
  message: 'APPLICATION RUNNING ON PORT 5001',
  level: 'info',
  label: 'UM',
  timestamp: '2023-09-05T15:31:54.826Z'
}
{
  message: '🔥__Database Connected',
  level: 'info',
  label: 'UM',
  timestamp: '2023-09-05T15:32:14.449Z'
}
{
  message: 'APPLICATION RUNNING ON PORT 5001',
  level: 'info',
  label: 'UM',
  timestamp: '2023-09-05T15:32:14.456Z'
}
{
  message: '🔥__Database Connected',
  level: 'info',
  label: 'UM',
  timestamp: '2023-09-05T15:34:25.047Z'
}
{
  message: 'APPLICATION RUNNING ON PORT 5001',
  level: 'info',
  label: 'UM',
  timestamp: '2023-09-05T15:34:25.055Z'
}
{
  message: '🔥__Database Connected',
  level: 'info',
  label: 'UM',
  timestamp: '2023-09-05T15:34:27.665Z'
}
{
  message: 'APPLICATION RUNNING ON PORT 5001',
  level: 'info',
  label: 'UM',
  timestamp: '2023-09-05T15:34:27.673Z'
}
