{
  message: '🔥__Database Connected',
  level: 'info',
  label: 'UM',
  timestamp: '2023-09-15T18:00:51.303Z'
}
{
  message: 'APPLICATION RUNNING ON PORT 3001',
  level: 'info',
  label: 'UM',
  timestamp: '2023-09-15T18:00:51.317Z'
}
{
  message: '🔥__Database Connected',
  level: 'info',
  label: 'UM',
  timestamp: '2023-09-15T18:00:54.814Z'
}
{
  message: 'APPLICATION RUNNING ON PORT 3001',
  level: 'info',
  label: 'UM',
  timestamp: '2023-09-15T18:00:54.826Z'
}
{
  message: '🔥__Database Connected',
  level: 'info',
  label: 'UM',
  timestamp: '2023-09-15T18:01:00.703Z'
}
{
  message: 'APPLICATION RUNNING ON PORT 3001',
  level: 'info',
  label: 'UM',
  timestamp: '2023-09-15T18:01:00.713Z'
}
{
  message: '🔥__Database Connected',
  level: 'info',
  label: 'UM',
  timestamp: '2023-09-15T18:01:08.433Z'
}
{
  message: 'APPLICATION RUNNING ON PORT 3001',
  level: 'info',
  label: 'UM',
  timestamp: '2023-09-15T18:01:08.449Z'
}
{
  message: '🔥__Database Connected',
  level: 'info',
  label: 'UM',
  timestamp: '2023-09-15T18:04:14.166Z'
}
{
  message: 'APPLICATION RUNNING ON PORT 3001',
  level: 'info',
  label: 'UM',
  timestamp: '2023-09-15T18:04:14.175Z'
}
{
  message: '🔥__Database Connected',
  level: 'info',
  label: 'UM',
  timestamp: '2023-09-15T18:04:42.600Z'
}
{
  message: 'APPLICATION RUNNING ON PORT 3001',
  level: 'info',
  label: 'UM',
  timestamp: '2023-09-15T18:04:42.607Z'
}
{
  message: '🔥__Database Connected',
  level: 'info',
  label: 'UM',
  timestamp: '2023-09-15T18:05:03.122Z'
}
{
  message: 'APPLICATION RUNNING ON PORT 3001',
  level: 'info',
  label: 'UM',
  timestamp: '2023-09-15T18:05:03.131Z'
}
{
  message: '🔥__Database Connected',
  level: 'info',
  label: 'UM',
  timestamp: '2023-09-15T18:06:24.052Z'
}
{
  message: 'APPLICATION RUNNING ON PORT 3001',
  level: 'info',
  label: 'UM',
  timestamp: '2023-09-15T18:06:24.069Z'
}
{
  message: '🔥__Database Connected',
  level: 'info',
  label: 'UM',
  timestamp: '2023-09-15T18:06:28.666Z'
}
{
  message: 'APPLICATION RUNNING ON PORT 3001',
  level: 'info',
  label: 'UM',
  timestamp: '2023-09-15T18:06:28.675Z'
}
{
  message: '🔥__Database Connected',
  level: 'info',
  label: 'UM',
  timestamp: '2023-09-15T18:06:36.771Z'
}
{
  message: 'APPLICATION RUNNING ON PORT 3001',
  level: 'info',
  label: 'UM',
  timestamp: '2023-09-15T18:06:36.780Z'
}
{
  message: '🔥__Database Connected',
  level: 'info',
  label: 'UM',
  timestamp: '2023-09-15T18:06:42.648Z'
}
{
  message: 'APPLICATION RUNNING ON PORT 3001',
  level: 'info',
  label: 'UM',
  timestamp: '2023-09-15T18:06:42.659Z'
}
{
  message: '🔥__Database Connected',
  level: 'info',
  label: 'UM',
  timestamp: '2023-09-15T18:06:59.130Z'
}
{
  message: 'APPLICATION RUNNING ON PORT 3001',
  level: 'info',
  label: 'UM',
  timestamp: '2023-09-15T18:06:59.137Z'
}
{
  message: '🔥__Database Connected',
  level: 'info',
  label: 'UM',
  timestamp: '2023-09-15T18:07:02.652Z'
}
{
  message: 'APPLICATION RUNNING ON PORT 3001',
  level: 'info',
  label: 'UM',
  timestamp: '2023-09-15T18:07:02.663Z'
}
{
  message: '🔥__Database Connected',
  level: 'info',
  label: 'UM',
  timestamp: '2023-09-15T18:07:07.130Z'
}
{
  message: 'APPLICATION RUNNING ON PORT 3001',
  level: 'info',
  label: 'UM',
  timestamp: '2023-09-15T18:07:07.139Z'
}
{
  message: '🔥__Database Connected',
  level: 'info',
  label: 'UM',
  timestamp: '2023-09-15T18:07:16.191Z'
}
{
  message: 'APPLICATION RUNNING ON PORT 3001',
  level: 'info',
  label: 'UM',
  timestamp: '2023-09-15T18:07:16.200Z'
}
{
  message: '🔥__Database Connected',
  level: 'info',
  label: 'UM',
  timestamp: '2023-09-15T18:07:25.021Z'
}
{
  message: 'APPLICATION RUNNING ON PORT 3001',
  level: 'info',
  label: 'UM',
  timestamp: '2023-09-15T18:07:25.029Z'
}
{
  message: '🔥__Database Connected',
  level: 'info',
  label: 'UM',
  timestamp: '2023-09-15T18:07:31.132Z'
}
{
  message: 'APPLICATION RUNNING ON PORT 3001',
  level: 'info',
  label: 'UM',
  timestamp: '2023-09-15T18:07:31.143Z'
}
{
  message: '🔥__Database Connected',
  level: 'info',
  label: 'UM',
  timestamp: '2023-09-15T18:07:48.519Z'
}
{
  message: 'APPLICATION RUNNING ON PORT 3001',
  level: 'info',
  label: 'UM',
  timestamp: '2023-09-15T18:07:48.526Z'
}
{
  message: '🔥__Database Connected',
  level: 'info',
  label: 'UM',
  timestamp: '2023-09-15T18:07:56.225Z'
}
{
  message: 'APPLICATION RUNNING ON PORT 3001',
  level: 'info',
  label: 'UM',
  timestamp: '2023-09-15T18:07:56.232Z'
}
{
  message: '🔥__Database Connected',
  level: 'info',
  label: 'UM',
  timestamp: '2023-09-15T18:08:38.355Z'
}
{
  message: 'APPLICATION RUNNING ON PORT 3001',
  level: 'info',
  label: 'UM',
  timestamp: '2023-09-15T18:08:38.363Z'
}
{
  message: '🔥__Database Connected',
  level: 'info',
  label: 'UM',
  timestamp: '2023-09-15T18:08:41.535Z'
}
{
  message: 'APPLICATION RUNNING ON PORT 3001',
  level: 'info',
  label: 'UM',
  timestamp: '2023-09-15T18:08:41.551Z'
}
{
  message: '🔥__Database Connected',
  level: 'info',
  label: 'UM',
  timestamp: '2023-09-15T18:09:00.583Z'
}
{
  message: 'APPLICATION RUNNING ON PORT 3001',
  level: 'info',
  label: 'UM',
  timestamp: '2023-09-15T18:09:00.596Z'
}
{
  message: '🔥__Database Connected',
  level: 'info',
  label: 'UM',
  timestamp: '2023-09-15T18:09:05.396Z'
}
{
  message: 'APPLICATION RUNNING ON PORT 3001',
  level: 'info',
  label: 'UM',
  timestamp: '2023-09-15T18:09:05.403Z'
}
{
  message: '🔥__Database Connected',
  level: 'info',
  label: 'UM',
  timestamp: '2023-09-15T18:09:08.135Z'
}
{
  message: 'APPLICATION RUNNING ON PORT 3001',
  level: 'info',
  label: 'UM',
  timestamp: '2023-09-15T18:09:08.149Z'
}
{
  message: '🔥__Database Connected',
  level: 'info',
  label: 'UM',
  timestamp: '2023-09-15T18:09:10.953Z'
}
{
  message: 'APPLICATION RUNNING ON PORT 3001',
  level: 'info',
  label: 'UM',
  timestamp: '2023-09-15T18:09:10.961Z'
}
{
  message: '🔥__Database Connected',
  level: 'info',
  label: 'UM',
  timestamp: '2023-09-15T18:10:32.371Z'
}
{
  message: 'APPLICATION RUNNING ON PORT 3001',
  level: 'info',
  label: 'UM',
  timestamp: '2023-09-15T18:10:32.378Z'
}
{
  message: '🔥__Database Connected',
  level: 'info',
  label: 'UM',
  timestamp: '2023-09-15T18:11:13.638Z'
}
{
  message: 'APPLICATION RUNNING ON PORT 3001',
  level: 'info',
  label: 'UM',
  timestamp: '2023-09-15T18:11:13.657Z'
}
{
  message: '🔥__Database Connected',
  level: 'info',
  label: 'UM',
  timestamp: '2023-09-15T18:11:16.908Z'
}
{
  message: 'APPLICATION RUNNING ON PORT 3001',
  level: 'info',
  label: 'UM',
  timestamp: '2023-09-15T18:11:16.916Z'
}
{
  message: '🔥__Database Connected',
  level: 'info',
  label: 'UM',
  timestamp: '2023-09-15T18:12:13.263Z'
}
{
  message: 'APPLICATION RUNNING ON PORT 3001',
  level: 'info',
  label: 'UM',
  timestamp: '2023-09-15T18:12:13.270Z'
}
{
  message: '🔥__Database Connected',
  level: 'info',
  label: 'UM',
  timestamp: '2023-09-15T18:12:48.383Z'
}
{
  message: 'APPLICATION RUNNING ON PORT 3001',
  level: 'info',
  label: 'UM',
  timestamp: '2023-09-15T18:12:48.396Z'
}
{
  message: '🔥__Database Connected',
  level: 'info',
  label: 'UM',
  timestamp: '2023-09-15T18:12:56.491Z'
}
{
  message: 'APPLICATION RUNNING ON PORT 3001',
  level: 'info',
  label: 'UM',
  timestamp: '2023-09-15T18:12:56.499Z'
}
{
  message: '🔥__Database Connected',
  level: 'info',
  label: 'UM',
  timestamp: '2023-09-15T18:17:05.700Z'
}
{
  message: 'APPLICATION RUNNING ON PORT 3001',
  level: 'info',
  label: 'UM',
  timestamp: '2023-09-15T18:17:05.707Z'
}
{
  message: '🔥__Database Connected',
  level: 'info',
  label: 'UM',
  timestamp: '2023-09-15T18:17:09.275Z'
}
{
  message: 'APPLICATION RUNNING ON PORT 3001',
  level: 'info',
  label: 'UM',
  timestamp: '2023-09-15T18:17:09.285Z'
}
{
  message: '🔥__Database Connected',
  level: 'info',
  label: 'UM',
  timestamp: '2023-09-15T18:17:26.582Z'
}
{
  message: 'APPLICATION RUNNING ON PORT 3001',
  level: 'info',
  label: 'UM',
  timestamp: '2023-09-15T18:17:26.589Z'
}
{
  message: '🔥__Database Connected',
  level: 'info',
  label: 'UM',
  timestamp: '2023-09-15T18:17:32.433Z'
}
{
  message: 'APPLICATION RUNNING ON PORT 3001',
  level: 'info',
  label: 'UM',
  timestamp: '2023-09-15T18:17:32.442Z'
}
{
  message: '🔥__Database Connected',
  level: 'info',
  label: 'UM',
  timestamp: '2023-09-15T18:17:52.328Z'
}
{
  message: 'APPLICATION RUNNING ON PORT 3001',
  level: 'info',
  label: 'UM',
  timestamp: '2023-09-15T18:17:52.340Z'
}
{
  message: '🔥__Database Connected',
  level: 'info',
  label: 'UM',
  timestamp: '2023-09-15T18:18:02.043Z'
}
{
  message: 'APPLICATION RUNNING ON PORT 3001',
  level: 'info',
  label: 'UM',
  timestamp: '2023-09-15T18:18:02.049Z'
}
{
  message: '🔥__Database Connected',
  level: 'info',
  label: 'UM',
  timestamp: '2023-09-15T18:18:07.725Z'
}
{
  message: 'APPLICATION RUNNING ON PORT 3001',
  level: 'info',
  label: 'UM',
  timestamp: '2023-09-15T18:18:07.738Z'
}
{
  message: '🔥__Database Connected',
  level: 'info',
  label: 'UM',
  timestamp: '2023-09-15T18:19:51.896Z'
}
{
  message: 'APPLICATION RUNNING ON PORT 3001',
  level: 'info',
  label: 'UM',
  timestamp: '2023-09-15T18:19:51.908Z'
}
{
  message: '🔥__Database Connected',
  level: 'info',
  label: 'UM',
  timestamp: '2023-09-15T18:20:00.794Z'
}
{
  message: 'APPLICATION RUNNING ON PORT 3001',
  level: 'info',
  label: 'UM',
  timestamp: '2023-09-15T18:20:00.804Z'
}
{
  message: '🔥__Database Connected',
  level: 'info',
  label: 'UM',
  timestamp: '2023-09-15T18:20:25.709Z'
}
{
  message: 'APPLICATION RUNNING ON PORT 3001',
  level: 'info',
  label: 'UM',
  timestamp: '2023-09-15T18:20:25.719Z'
}
{
  message: '🔥__Database Connected',
  level: 'info',
  label: 'UM',
  timestamp: '2023-09-15T18:22:14.613Z'
}
{
  message: 'APPLICATION RUNNING ON PORT 3001',
  level: 'info',
  label: 'UM',
  timestamp: '2023-09-15T18:22:14.622Z'
}
{
  message: '🔥__Database Connected',
  level: 'info',
  label: 'UM',
  timestamp: '2023-09-15T18:22:18.602Z'
}
{
  message: 'APPLICATION RUNNING ON PORT 3001',
  level: 'info',
  label: 'UM',
  timestamp: '2023-09-15T18:22:18.609Z'
}
{
  message: '🔥__Database Connected',
  level: 'info',
  label: 'UM',
  timestamp: '2023-09-15T18:22:23.388Z'
}
{
  message: 'APPLICATION RUNNING ON PORT 3001',
  level: 'info',
  label: 'UM',
  timestamp: '2023-09-15T18:22:23.396Z'
}
{
  message: '🔥__Database Connected',
  level: 'info',
  label: 'UM',
  timestamp: '2023-09-15T18:22:30.535Z'
}
{
  message: 'APPLICATION RUNNING ON PORT 3001',
  level: 'info',
  label: 'UM',
  timestamp: '2023-09-15T18:22:30.543Z'
}
{
  message: '🔥__Database Connected',
  level: 'info',
  label: 'UM',
  timestamp: '2023-09-15T18:22:56.825Z'
}
{
  message: 'APPLICATION RUNNING ON PORT 3001',
  level: 'info',
  label: 'UM',
  timestamp: '2023-09-15T18:22:56.833Z'
}
{
  message: '🔥__Database Connected',
  level: 'info',
  label: 'UM',
  timestamp: '2023-09-15T18:28:44.618Z'
}
{
  message: 'APPLICATION RUNNING ON PORT 3001',
  level: 'info',
  label: 'UM',
  timestamp: '2023-09-15T18:28:44.627Z'
}
