{
  message: '🔥__Database Connected',
  level: 'info',
  label: 'UM',
  timestamp: '2023-06-04T06:42:12.813Z'
}
{
  message: 'APPLICATION RUNNING ON PORT 5000',
  level: 'info',
  label: 'UM',
  timestamp: '2023-06-04T06:42:12.842Z'
}
{
  message: '🔥__Database Connected',
  level: 'info',
  label: 'UM',
  timestamp: '2023-06-04T06:44:51.542Z'
}
{
  message: 'APPLICATION RUNNING ON PORT 5000',
  level: 'info',
  label: 'UM',
  timestamp: '2023-06-04T06:44:51.554Z'
}
{
  message: '🔥__Database Connected',
  level: 'info',
  label: 'UM',
  timestamp: '2023-06-04T06:45:04.416Z'
}
{
  message: 'APPLICATION RUNNING ON PORT 5000',
  level: 'info',
  label: 'UM',
  timestamp: '2023-06-04T06:45:04.422Z'
}
{
  message: '🔥__Database Connected',
  level: 'info',
  label: 'UM',
  timestamp: '2023-06-04T06:45:08.367Z'
}
{
  message: 'APPLICATION RUNNING ON PORT 5000',
  level: 'info',
  label: 'UM',
  timestamp: '2023-06-04T06:45:08.373Z'
}
{
  message: '🔥__Database Connected',
  level: 'info',
  label: 'UM',
  timestamp: '2023-06-04T06:45:32.509Z'
}
{
  message: 'APPLICATION RUNNING ON PORT 5000',
  level: 'info',
  label: 'UM',
  timestamp: '2023-06-04T06:45:32.521Z'
}
{
  message: '🔥__Database Connected',
  level: 'info',
  label: 'UM',
  timestamp: '2023-06-04T06:46:01.851Z'
}
{
  message: 'APPLICATION RUNNING ON PORT 5000',
  level: 'info',
  label: 'UM',
  timestamp: '2023-06-04T06:46:01.861Z'
}
{
  message: '🔥__Database Connected',
  level: 'info',
  label: 'UM',
  timestamp: '2023-06-04T06:46:11.643Z'
}
{
  message: 'APPLICATION RUNNING ON PORT 5000',
  level: 'info',
  label: 'UM',
  timestamp: '2023-06-04T06:46:11.649Z'
}
{
  message: '🔥__Database Connected',
  level: 'info',
  label: 'UM',
  timestamp: '2023-06-04T06:46:18.693Z'
}
{
  message: 'APPLICATION RUNNING ON PORT 5000',
  level: 'info',
  label: 'UM',
  timestamp: '2023-06-04T06:46:18.699Z'
}
{
  message: '🔥__Database Connected',
  level: 'info',
  label: 'UM',
  timestamp: '2023-06-04T06:46:21.533Z'
}
{
  message: 'APPLICATION RUNNING ON PORT 5000',
  level: 'info',
  label: 'UM',
  timestamp: '2023-06-04T06:46:21.554Z'
}
