{
  message: '🔥__Database Connected',
  level: 'info',
  label: 'UM',
  timestamp: '2023-06-14T12:02:00.794Z'
}
{
  message: 'APPLICATION RUNNING ON PORT 5000',
  level: 'info',
  label: 'UM',
  timestamp: '2023-06-14T12:02:00.801Z'
}
{
  message: '🔥__Database Connected',
  level: 'info',
  label: 'UM',
  timestamp: '2023-06-14T12:07:58.797Z'
}
{
  message: 'APPLICATION RUNNING ON PORT 5000',
  level: 'info',
  label: 'UM',
  timestamp: '2023-06-14T12:07:58.807Z'
}
{
  message: '🔥__Database Connected',
  level: 'info',
  label: 'UM',
  timestamp: '2023-06-14T12:08:04.675Z'
}
{
  message: 'APPLICATION RUNNING ON PORT 5000',
  level: 'info',
  label: 'UM',
  timestamp: '2023-06-14T12:08:04.684Z'
}
{
  message: '🔥__Database Connected',
  level: 'info',
  label: 'UM',
  timestamp: '2023-06-14T12:08:10.039Z'
}
{
  message: 'APPLICATION RUNNING ON PORT 5000',
  level: 'info',
  label: 'UM',
  timestamp: '2023-06-14T12:08:10.047Z'
}
{
  message: '🔥__Database Connected',
  level: 'info',
  label: 'UM',
  timestamp: '2023-06-14T12:51:56.793Z'
}
{
  message: 'APPLICATION RUNNING ON PORT 5000',
  level: 'info',
  label: 'UM',
  timestamp: '2023-06-14T12:51:56.801Z'
}
{
  message: '🔥__Database Connected',
  level: 'info',
  label: 'UM',
  timestamp: '2023-06-14T12:51:59.087Z'
}
{
  message: 'APPLICATION RUNNING ON PORT 5000',
  level: 'info',
  label: 'UM',
  timestamp: '2023-06-14T12:51:59.099Z'
}
