{
  message: '🔥__Database Connected',
  level: 'info',
  label: 'UM',
  timestamp: '2023-06-09T16:06:11.518Z'
}
{
  message: 'APPLICATION RUNNING ON PORT 5000',
  level: 'info',
  label: 'UM',
  timestamp: '2023-06-09T16:06:11.546Z'
}
{
  message: '🔥__Database Connected',
  level: 'info',
  label: 'UM',
  timestamp: '2023-06-09T16:06:25.420Z'
}
{
  message: 'APPLICATION RUNNING ON PORT 5000',
  level: 'info',
  label: 'UM',
  timestamp: '2023-06-09T16:06:25.427Z'
}
{
  message: '🔥__Database Connected',
  level: 'info',
  label: 'UM',
  timestamp: '2023-06-09T16:06:29.082Z'
}
{
  message: 'APPLICATION RUNNING ON PORT 5000',
  level: 'info',
  label: 'UM',
  timestamp: '2023-06-09T16:06:29.089Z'
}
{
  message: '🔥__Database Connected',
  level: 'info',
  label: 'UM',
  timestamp: '2023-06-09T16:06:32.138Z'
}
{
  message: 'APPLICATION RUNNING ON PORT 5000',
  level: 'info',
  label: 'UM',
  timestamp: '2023-06-09T16:06:32.153Z'
}
{
  message: '🔥__Database Connected',
  level: 'info',
  label: 'UM',
  timestamp: '2023-06-09T16:06:41.720Z'
}
{
  message: 'APPLICATION RUNNING ON PORT 5000',
  level: 'info',
  label: 'UM',
  timestamp: '2023-06-09T16:06:41.731Z'
}
{
  message: '🔥__Database Connected',
  level: 'info',
  label: 'UM',
  timestamp: '2023-06-09T16:06:48.773Z'
}
{
  message: 'APPLICATION RUNNING ON PORT 5000',
  level: 'info',
  label: 'UM',
  timestamp: '2023-06-09T16:06:48.788Z'
}
{
  message: '🔥__Database Connected',
  level: 'info',
  label: 'UM',
  timestamp: '2023-06-09T16:06:52.870Z'
}
{
  message: 'APPLICATION RUNNING ON PORT 5000',
  level: 'info',
  label: 'UM',
  timestamp: '2023-06-09T16:06:52.887Z'
}
{
  message: '🔥__Database Connected',
  level: 'info',
  label: 'UM',
  timestamp: '2023-06-09T16:06:54.351Z'
}
{
  message: 'APPLICATION RUNNING ON PORT 5000',
  level: 'info',
  label: 'UM',
  timestamp: '2023-06-09T16:06:54.369Z'
}
{
  message: '🔥__Database Connected',
  level: 'info',
  label: 'UM',
  timestamp: '2023-06-09T16:06:59.393Z'
}
{
  message: 'APPLICATION RUNNING ON PORT 5000',
  level: 'info',
  label: 'UM',
  timestamp: '2023-06-09T16:06:59.400Z'
}
{
  message: '🔥__Database Connected',
  level: 'info',
  label: 'UM',
  timestamp: '2023-06-09T16:07:06.547Z'
}
{
  message: 'APPLICATION RUNNING ON PORT 5000',
  level: 'info',
  label: 'UM',
  timestamp: '2023-06-09T16:07:06.570Z'
}
{
  message: '🔥__Database Connected',
  level: 'info',
  label: 'UM',
  timestamp: '2023-06-09T16:07:09.120Z'
}
{
  message: 'APPLICATION RUNNING ON PORT 5000',
  level: 'info',
  label: 'UM',
  timestamp: '2023-06-09T16:07:09.126Z'
}
{
  message: '🔥__Database Connected',
  level: 'info',
  label: 'UM',
  timestamp: '2023-06-09T16:07:14.544Z'
}
{
  message: 'APPLICATION RUNNING ON PORT 5000',
  level: 'info',
  label: 'UM',
  timestamp: '2023-06-09T16:07:14.564Z'
}
{
  message: '🔥__Database Connected',
  level: 'info',
  label: 'UM',
  timestamp: '2023-06-09T16:07:45.430Z'
}
{
  message: 'APPLICATION RUNNING ON PORT 5000',
  level: 'info',
  label: 'UM',
  timestamp: '2023-06-09T16:07:45.453Z'
}
{
  message: '🔥__Database Connected',
  level: 'info',
  label: 'UM',
  timestamp: '2023-06-09T16:07:49.225Z'
}
{
  message: 'APPLICATION RUNNING ON PORT 5000',
  level: 'info',
  label: 'UM',
  timestamp: '2023-06-09T16:07:49.232Z'
}
{
  message: '🔥__Database Connected',
  level: 'info',
  label: 'UM',
  timestamp: '2023-06-09T16:08:52.794Z'
}
{
  message: 'APPLICATION RUNNING ON PORT 5000',
  level: 'info',
  label: 'UM',
  timestamp: '2023-06-09T16:08:52.808Z'
}
{
  message: '🔥__Database Connected',
  level: 'info',
  label: 'UM',
  timestamp: '2023-06-09T16:10:27.060Z'
}
{
  message: 'APPLICATION RUNNING ON PORT 5000',
  level: 'info',
  label: 'UM',
  timestamp: '2023-06-09T16:10:27.074Z'
}
{
  message: '🔥__Database Connected',
  level: 'info',
  label: 'UM',
  timestamp: '2023-06-09T16:11:09.883Z'
}
{
  message: 'APPLICATION RUNNING ON PORT 5000',
  level: 'info',
  label: 'UM',
  timestamp: '2023-06-09T16:11:09.890Z'
}
{
  message: '🔥__Database Connected',
  level: 'info',
  label: 'UM',
  timestamp: '2023-06-09T16:11:16.186Z'
}
{
  message: 'APPLICATION RUNNING ON PORT 5000',
  level: 'info',
  label: 'UM',
  timestamp: '2023-06-09T16:11:16.196Z'
}
{
  message: '🔥__Database Connected',
  level: 'info',
  label: 'UM',
  timestamp: '2023-06-09T16:11:19.106Z'
}
{
  message: 'APPLICATION RUNNING ON PORT 5000',
  level: 'info',
  label: 'UM',
  timestamp: '2023-06-09T16:11:19.113Z'
}
