{
  statusCode: 400,
  level: 'error',
  label: 'UM',
  timestamp: '2023-06-08T20:30:14.201Z'
}
{
  statusCode: 400,
  level: 'error',
  label: 'UM',
  timestamp: '2023-06-08T20:30:37.067Z'
}
{
  statusCode: 400,
  level: 'error',
  label: 'UM',
  timestamp: '2023-06-08T20:31:08.322Z'
}
{
  statusCode: 400,
  level: 'error',
  label: 'UM',
  timestamp: '2023-06-08T20:32:59.552Z'
}
{
  statusCode: 400,
  level: 'error',
  label: 'UM',
  timestamp: '2023-06-08T20:33:16.486Z'
}
{
  statusCode: 400,
  level: 'error',
  label: 'UM',
  timestamp: '2023-06-08T20:33:39.611Z'
}
{
  statusCode: 400,
  level: 'error',
  label: 'UM',
  timestamp: '2023-06-08T20:34:07.740Z'
}
{
  statusCode: 400,
  level: 'error',
  label: 'UM',
  timestamp: '2023-06-08T20:34:33.961Z'
}
{
  statusCode: 400,
  level: 'error',
  label: 'UM',
  timestamp: '2023-06-08T20:35:07.873Z'
}
{
  statusCode: 400,
  level: 'error',
  label: 'UM',
  timestamp: '2023-06-08T20:37:40.677Z'
}
